<?xml version="1.0" encoding="UTF-8"?>
<coverage generated="1614622545">
  <project timestamp="1614622545">
    <package name="PinkCrab\Locations\Event">
      <file name="/shared/httpd/woo1/htdocs/wp-content/plugins/locations_plugin_example/src/Event/Event.php">
        <class name="PinkCrab\Locations\Event\Event" namespace="PinkCrab\Locations\Event">
          <metrics complexity="22" methods="21" coveredmethods="0" conditionals="0" coveredconditionals="0" statements="34" coveredstatements="0" elements="55" coveredelements="0"/>
        </class>
        <line num="69" type="method" name="__construct" visibility="public" complexity="2" crap="6.00" count="0"/>
        <line num="70" type="stmt" count="0"/>
        <line num="71" type="stmt" count="0"/>
        <line num="72" type="stmt" count="0"/>
        <line num="79" type="method" name="get_slug" visibility="public" complexity="1" crap="2.00" count="0"/>
        <line num="80" type="stmt" count="0"/>
        <line num="90" type="method" name="set_slug" visibility="public" complexity="1" crap="2.00" count="0"/>
        <line num="91" type="stmt" count="0"/>
        <line num="92" type="stmt" count="0"/>
        <line num="100" type="method" name="get_title" visibility="public" complexity="1" crap="2.00" count="0"/>
        <line num="101" type="stmt" count="0"/>
        <line num="111" type="method" name="set_title" visibility="public" complexity="1" crap="2.00" count="0"/>
        <line num="112" type="stmt" count="0"/>
        <line num="113" type="stmt" count="0"/>
        <line num="121" type="method" name="get_date" visibility="public" complexity="1" crap="2.00" count="0"/>
        <line num="122" type="stmt" count="0"/>
        <line num="132" type="method" name="set_date" visibility="public" complexity="1" crap="2.00" count="0"/>
        <line num="133" type="stmt" count="0"/>
        <line num="134" type="stmt" count="0"/>
        <line num="142" type="method" name="get_location" visibility="public" complexity="1" crap="2.00" count="0"/>
        <line num="143" type="stmt" count="0"/>
        <line num="153" type="method" name="set_location" visibility="public" complexity="1" crap="2.00" count="0"/>
        <line num="154" type="stmt" count="0"/>
        <line num="155" type="stmt" count="0"/>
        <line num="163" type="method" name="get_description" visibility="public" complexity="1" crap="2.00" count="0"/>
        <line num="164" type="stmt" count="0"/>
        <line num="174" type="method" name="set_description" visibility="public" complexity="1" crap="2.00" count="0"/>
        <line num="175" type="stmt" count="0"/>
        <line num="176" type="stmt" count="0"/>
        <line num="184" type="method" name="get_excerpt" visibility="public" complexity="1" crap="2.00" count="0"/>
        <line num="185" type="stmt" count="0"/>
        <line num="195" type="method" name="set_excerpt" visibility="public" complexity="1" crap="2.00" count="0"/>
        <line num="196" type="stmt" count="0"/>
        <line num="197" type="stmt" count="0"/>
        <line num="205" type="method" name="get_price" visibility="public" complexity="1" crap="2.00" count="0"/>
        <line num="206" type="stmt" count="0"/>
        <line num="216" type="method" name="set_price" visibility="public" complexity="1" crap="2.00" count="0"/>
        <line num="217" type="stmt" count="0"/>
        <line num="218" type="stmt" count="0"/>
        <line num="226" type="method" name="get_links" visibility="public" complexity="1" crap="2.00" count="0"/>
        <line num="227" type="stmt" count="0"/>
        <line num="237" type="method" name="set_links" visibility="public" complexity="1" crap="2.00" count="0"/>
        <line num="238" type="stmt" count="0"/>
        <line num="239" type="stmt" count="0"/>
        <line num="249" type="method" name="add_link" visibility="public" complexity="1" crap="2.00" count="0"/>
        <line num="250" type="stmt" count="0"/>
        <line num="251" type="stmt" count="0"/>
        <line num="261" type="method" name="get_tags" visibility="public" complexity="1" crap="2.00" count="0"/>
        <line num="262" type="stmt" count="0"/>
        <line num="272" type="method" name="set_tags" visibility="public" complexity="1" crap="2.00" count="0"/>
        <line num="273" type="stmt" count="0"/>
        <line num="274" type="stmt" count="0"/>
        <line num="283" type="method" name="add_tag" visibility="public" complexity="1" crap="2.00" count="0"/>
        <line num="284" type="stmt" count="0"/>
        <line num="285" type="stmt" count="0"/>
        <metrics loc="287" ncloc="129" classes="1" methods="21" coveredmethods="0" conditionals="0" coveredconditionals="0" statements="34" coveredstatements="0" elements="55" coveredelements="0"/>
      </file>
      <file name="/shared/httpd/woo1/htdocs/wp-content/plugins/locations_plugin_example/src/Event/Event_Controller.php">
        <class name="PinkCrab\Locations\Event\Event_Controller" namespace="PinkCrab\Locations\Event" fullPackage="Event">
          <metrics complexity="4" methods="4" coveredmethods="0" conditionals="0" coveredconditionals="0" statements="23" coveredstatements="0" elements="27" coveredelements="0"/>
        </class>
        <line num="66" type="method" name="__construct" visibility="public" complexity="1" crap="2.00" count="0"/>
        <line num="74" type="stmt" count="0"/>
        <line num="75" type="stmt" count="0"/>
        <line num="76" type="stmt" count="0"/>
        <line num="77" type="stmt" count="0"/>
        <line num="78" type="stmt" count="0"/>
        <line num="79" type="stmt" count="0"/>
        <line num="80" type="stmt" count="0"/>
        <line num="88" type="method" name="register" visibility="public" complexity="1" crap="2.00" count="0"/>
        <line num="89" type="stmt" count="0"/>
        <line num="90" type="stmt" count="0"/>
        <line num="98" type="method" name="register_metabox" visibility="public" complexity="1" crap="2.00" count="0"/>
        <line num="99" type="stmt" count="0"/>
        <line num="100" type="stmt" count="0"/>
        <line num="101" type="stmt" count="0"/>
        <line num="102" type="stmt" count="0"/>
        <line num="104" type="stmt" count="0"/>
        <line num="105" type="stmt" count="0"/>
        <line num="107" type="stmt" count="0"/>
        <line num="108" type="stmt" count="0"/>
        <line num="112" type="stmt" count="0"/>
        <line num="114" type="stmt" count="0"/>
        <line num="115" type="stmt" count="0"/>
        <line num="116" type="stmt" count="0"/>
        <line num="126" type="method" name="save_event_callback" visibility="public" complexity="1" crap="2.00" count="0"/>
        <line num="127" type="stmt" count="0"/>
        <line num="128" type="stmt" count="0"/>
        <metrics loc="130" ncloc="79" classes="1" methods="4" coveredmethods="0" conditionals="0" coveredconditionals="0" statements="23" coveredstatements="0" elements="27" coveredelements="0"/>
      </file>
      <file name="/shared/httpd/woo1/htdocs/wp-content/plugins/locations_plugin_example/src/Event/Event_Mapper.php">
        <class name="PinkCrab\Locations\Event\Event_Mapper" namespace="PinkCrab\Locations\Event" fullPackage="Event">
          <metrics complexity="6" methods="4" coveredmethods="0" conditionals="0" coveredconditionals="0" statements="12" coveredstatements="0" elements="16" coveredelements="0"/>
        </class>
        <line num="26" type="method" name="__construct" visibility="public" complexity="1" crap="2.00" count="0"/>
        <line num="27" type="stmt" count="0"/>
        <line num="28" type="stmt" count="0"/>
        <line num="36" type="method" name="from_post" visibility="public" complexity="1" crap="2.00" count="0"/>
        <line num="37" type="stmt" count="0"/>
        <line num="38" type="stmt" count="0"/>
        <line num="47" type="method" name="find" visibility="protected" complexity="3" crap="12.00" count="0"/>
        <line num="49" type="stmt" count="0"/>
        <line num="51" type="stmt" count="0"/>
        <line num="52" type="stmt" count="0"/>
        <line num="55" type="stmt" count="0"/>
        <line num="64" type="method" name="from_dto" visibility="protected" complexity="1" crap="2.00" count="0"/>
        <line num="65" type="stmt" count="0"/>
        <line num="66" type="stmt" count="0"/>
        <line num="67" type="stmt" count="0"/>
        <line num="69" type="stmt" count="0"/>
        <metrics loc="72" ncloc="44" classes="1" methods="4" coveredmethods="0" conditionals="0" coveredconditionals="0" statements="12" coveredstatements="0" elements="16" coveredelements="0"/>
      </file>
      <file name="/shared/httpd/woo1/htdocs/wp-content/plugins/locations_plugin_example/src/Event/Event_Post_Type.php">
        <class name="PinkCrab\Locations\Event\Event_Post_Type" namespace="PinkCrab\Locations\Event" fullPackage="Event.Post">
          <metrics complexity="2" methods="1" coveredmethods="0" conditionals="0" coveredconditionals="0" statements="5" coveredstatements="0" elements="6" coveredelements="0"/>
        </class>
        <line num="32" type="method" name="__construct" visibility="public" complexity="2" crap="6.00" count="0"/>
        <line num="34" type="stmt" count="0"/>
        <line num="35" type="stmt" count="0"/>
        <line num="36" type="stmt" count="0"/>
        <line num="38" type="stmt" count="0"/>
        <line num="39" type="stmt" count="0"/>
        <metrics loc="41" ncloc="28" classes="1" methods="1" coveredmethods="0" conditionals="0" coveredconditionals="0" statements="5" coveredstatements="0" elements="6" coveredelements="0"/>
      </file>
      <file name="/shared/httpd/woo1/htdocs/wp-content/plugins/locations_plugin_example/src/Event/Event_View_Model.php">
        <class name="PinkCrab\Locations\Event\Event_View_Model" namespace="PinkCrab\Locations\Event" fullPackage="Event.View">
          <metrics complexity="2" methods="2" coveredmethods="0" conditionals="0" coveredconditionals="0" statements="7" coveredstatements="0" elements="9" coveredelements="0"/>
        </class>
        <line num="26" type="method" name="__construct" visibility="public" complexity="1" crap="2.00" count="0"/>
        <line num="27" type="stmt" count="0"/>
        <line num="28" type="stmt" count="0"/>
        <line num="36" type="method" name="date" visibility="public" complexity="1" crap="2.00" count="0"/>
        <line num="37" type="stmt" count="0"/>
        <line num="38" type="stmt" count="0"/>
        <line num="39" type="stmt" count="0"/>
        <line num="40" type="stmt" count="0"/>
        <line num="41" type="stmt" count="0"/>
        <metrics loc="44" ncloc="28" classes="1" methods="2" coveredmethods="0" conditionals="0" coveredconditionals="0" statements="7" coveredstatements="0" elements="9" coveredelements="0"/>
      </file>
    </package>
    <file name="/shared/httpd/woo1/htdocs/wp-content/plugins/locations_plugin_example/src/Event/Event_Repository.php">
      <metrics loc="27" ncloc="14" classes="0" methods="0" coveredmethods="0" conditionals="0" coveredconditionals="0" statements="0" coveredstatements="0" elements="0" coveredelements="0"/>
    </file>
    <package name="PinkCrab\Locations\Event\Repositories">
      <file name="/shared/httpd/woo1/htdocs/wp-content/plugins/locations_plugin_example/src/Event/Repositories/Event_Post_Repository.php">
        <class name="PinkCrab\Locations\Event\Repositories\Event_Post_Repository" namespace="PinkCrab\Locations\Event\Repositories" fullPackage="Event.Post">
          <metrics complexity="7" methods="3" coveredmethods="0" conditionals="0" coveredconditionals="0" statements="19" coveredstatements="0" elements="22" coveredelements="0"/>
        </class>
        <line num="24" type="method" name="__construct" visibility="public" complexity="1" crap="2.00" count="0"/>
        <line num="25" type="stmt" count="0"/>
        <line num="26" type="stmt" count="0"/>
        <line num="31" type="method" name="find" visibility="public" complexity="4" crap="20.00" count="0"/>
        <line num="32" type="stmt" count="0"/>
        <line num="34" type="stmt" count="0"/>
        <line num="35" type="stmt" count="0"/>
        <line num="36" type="stmt" count="0"/>
        <line num="40" type="stmt" count="0"/>
        <line num="41" type="stmt" count="0"/>
        <line num="42" type="stmt" count="0"/>
        <line num="43" type="stmt" count="0"/>
        <line num="44" type="stmt" count="0"/>
        <line num="46" type="stmt" count="0"/>
        <line num="56" type="method" name="post_to_dto" visibility="protected" complexity="2" crap="6.00" count="0"/>
        <line num="57" type="stmt" count="0"/>
        <line num="60" type="stmt" count="0"/>
        <line num="61" type="stmt" count="0"/>
        <line num="62" type="stmt" count="0"/>
        <line num="63" type="stmt" count="0"/>
        <line num="64" type="stmt" count="0"/>
        <line num="65" type="stmt" count="0"/>
        <metrics loc="70" ncloc="54" classes="1" methods="3" coveredmethods="0" conditionals="0" coveredconditionals="0" statements="19" coveredstatements="0" elements="22" coveredelements="0"/>
      </file>
    </package>
    <package name="PinkCrab\Locations\Location">
      <file name="/shared/httpd/woo1/htdocs/wp-content/plugins/locations_plugin_example/src/Location/Location.php">
        <class name="PinkCrab\Locations\Location\Location" namespace="PinkCrab\Locations\Location">
          <metrics complexity="9" methods="9" coveredmethods="0" conditionals="0" coveredconditionals="0" statements="15" coveredstatements="0" elements="24" coveredelements="0"/>
        </class>
        <line num="41" type="method" name="__construct" visibility="public" complexity="1" crap="2.00" count="0"/>
        <line num="42" type="stmt" count="0"/>
        <line num="43" type="stmt" count="0"/>
        <line num="44" type="stmt" count="0"/>
        <line num="49" type="method" name="get_slug" visibility="public" complexity="1" crap="2.00" count="0"/>
        <line num="50" type="stmt" count="0"/>
        <line num="59" type="method" name="set_slug" visibility="public" complexity="1" crap="2.00" count="0"/>
        <line num="60" type="stmt" count="0"/>
        <line num="61" type="stmt" count="0"/>
        <line num="67" type="method" name="get_name" visibility="public" complexity="1" crap="2.00" count="0"/>
        <line num="68" type="stmt" count="0"/>
        <line num="77" type="method" name="set_name" visibility="public" complexity="1" crap="2.00" count="0"/>
        <line num="78" type="stmt" count="0"/>
        <line num="79" type="stmt" count="0"/>
        <line num="85" type="method" name="get_image" visibility="public" complexity="1" crap="2.00" count="0"/>
        <line num="86" type="stmt" count="0"/>
        <line num="95" type="method" name="set_image" visibility="public" complexity="1" crap="2.00" count="0"/>
        <line num="96" type="stmt" count="0"/>
        <line num="97" type="stmt" count="0"/>
        <line num="103" type="method" name="get_description" visibility="public" complexity="1" crap="2.00" count="0"/>
        <line num="104" type="stmt" count="0"/>
        <line num="112" type="method" name="set_description" visibility="public" complexity="1" crap="2.00" count="0"/>
        <line num="113" type="stmt" count="0"/>
        <line num="114" type="stmt" count="0"/>
        <metrics loc="116" ncloc="58" classes="1" methods="9" coveredmethods="0" conditionals="0" coveredconditionals="0" statements="15" coveredstatements="0" elements="24" coveredelements="0"/>
      </file>
      <file name="/shared/httpd/woo1/htdocs/wp-content/plugins/locations_plugin_example/src/Location/Location_Taxonomy.php">
        <class name="PinkCrab\Locations\Location\Location_Taxonomy" namespace="PinkCrab\Locations\Location" fullPackage="Location">
          <metrics complexity="2" methods="1" coveredmethods="0" conditionals="0" coveredconditionals="0" statements="6" coveredstatements="0" elements="7" coveredelements="0"/>
        </class>
        <line num="42" type="method" name="__construct" visibility="public" complexity="2" crap="6.00" count="0"/>
        <line num="44" type="stmt" count="0"/>
        <line num="45" type="stmt" count="0"/>
        <line num="46" type="stmt" count="0"/>
        <line num="48" type="stmt" count="0"/>
        <line num="50" type="stmt" count="0"/>
        <line num="51" type="stmt" count="0"/>
        <metrics loc="52" ncloc="28" classes="1" methods="1" coveredmethods="0" conditionals="0" coveredconditionals="0" statements="6" coveredstatements="0" elements="7" coveredelements="0"/>
      </file>
    </package>
    <file name="/shared/httpd/woo1/htdocs/wp-content/plugins/locations_plugin_example/src/Location/Location_Repository.php">
      <metrics loc="50" ncloc="19" classes="0" methods="0" coveredmethods="0" conditionals="0" coveredconditionals="0" statements="0" coveredstatements="0" elements="0" coveredelements="0"/>
    </file>
    <metrics files="10" loc="889" ncloc="481" classes="8" methods="45" coveredmethods="0" conditionals="0" coveredconditionals="0" statements="121" coveredstatements="0" elements="166" coveredelements="0"/>
  </project>
</coverage>
